.next/types/validator.ts(53,39): error TS2306: File '/workspaces/magnode-mvp/app/(dashboard)/dashboard/[id]/page.tsx' is not a module.
.next/types/validator.ts(162,31): error TS2344: Type 'typeof import("/workspaces/magnode-mvp/app/api/platforms/[id]/route")' does not satisfy the constraint 'RouteHandlerConfig<"/api/platforms/[id]">'.
  Types of property 'GET' are incompatible.
    Type '(request: NextRequest, { params }: { params: { id: string; }; }) => Promise<NextResponse<{ success: boolean; data: { connection_id: string; org_id: string; platform_type: string; platform_name: string; ... 10 more ...; updated_at: Date; }; }> | NextResponse<...>>' is not assignable to type '(request: NextRequest, context: { params: Promise<{ id: string; }>; }) => void | Response | Promise<void | Response>'.
      Types of parameters '__1' and 'context' are incompatible.
        Type '{ params: Promise<{ id: string; }>; }' is not assignable to type '{ params: { id: string; }; }'.
          Types of property 'params' are incompatible.
            Property 'id' is missing in type 'Promise<{ id: string; }>' but required in type '{ id: string; }'.
.next/types/validator.ts(180,31): error TS2344: Type 'typeof import("/workspaces/magnode-mvp/app/api/platforms/oauth/[provider]/authorize/route")' does not satisfy the constraint 'RouteHandlerConfig<"/api/platforms/oauth/[provider]/authorize">'.
  Types of property 'GET' are incompatible.
    Type '(req: Request, context: { params: { provider: string; }; }) => Promise<NextResponse<unknown>>' is not assignable to type '(request: NextRequest, context: { params: Promise<{ provider: string; }>; }) => void | Response | Promise<void | Response>'.
      Types of parameters 'context' and 'context' are incompatible.
        Type '{ params: Promise<{ provider: string; }>; }' is not assignable to type '{ params: { provider: string; }; }'.
          Types of property 'params' are incompatible.
            Property 'provider' is missing in type 'Promise<{ provider: string; }>' but required in type '{ provider: string; }'.
.next/types/validator.ts(189,31): error TS2344: Type 'typeof import("/workspaces/magnode-mvp/app/api/platforms/oauth/[provider]/callback/route")' does not satisfy the constraint 'RouteHandlerConfig<"/api/platforms/oauth/[provider]/callback">'.
  Types of property 'GET' are incompatible.
    Type '(req: Request, context: { params: { provider: string; }; }) => Promise<NextResponse<unknown>>' is not assignable to type '(request: NextRequest, context: { params: Promise<{ provider: string; }>; }) => void | Response | Promise<void | Response>'.
      Types of parameters 'context' and 'context' are incompatible.
        Type '{ params: Promise<{ provider: string; }>; }' is not assignable to type '{ params: { provider: string; }; }'.
          Types of property 'params' are incompatible.
            Property 'provider' is missing in type 'Promise<{ provider: string; }>' but required in type '{ provider: string; }'.
app/(dashboard)/dashboard/api/dashboards/route.ts(14,5): error TS2322: Type '{ org_id: any; title: any; description: any; created_by: string; }' is not assignable to type '(Without<dashboardsCreateInput, dashboardsUncheckedCreateInput> & dashboardsUncheckedCreateInput) | (Without<...> & dashboardsCreateInput)'.
  Type '{ org_id: any; title: any; description: any; created_by: string; }' is not assignable to type 'Without<dashboardsUncheckedCreateInput, dashboardsCreateInput> & dashboardsCreateInput'.
    Property 'layout_config' is missing in type '{ org_id: any; title: any; description: any; created_by: string; }' but required in type 'dashboardsCreateInput'.
app/(dashboard)/dashboard/page.tsx(24,19): error TS2345: Argument of type '(prev: never[]) => any[]' is not assignable to parameter of type 'SetStateAction<never[]>'.
  Type '(prev: never[]) => any[]' is not assignable to type '(prevState: never[]) => never[]'.
    Type 'any[]' is not assignable to type 'never[]'.
      Type 'any' is not assignable to type 'never'.
app/api/context/build/route.ts(3,20): error TS2307: Cannot find module 'openai' or its corresponding type declarations.
app/api/platforms/llm-asist/route.ts(112,49): error TS2307: Cannot find module '@anthropic-ai/sdk' or its corresponding type declarations.
app/api/platforms/llm-asist/route.ts(156,46): error TS2307: Cannot find module 'openai' or its corresponding type declarations.
lib/db/sync-operations.ts(26,9): error TS2322: Type 'string[]' is not assignable to type 'string'.
lib/db/sync-operations.ts(49,9): error TS2353: Object literal may only specify known properties, and 'duration_ms' does not exist in type '(Without<sync_resultsCreateInput, sync_resultsUncheckedCreateInput> & sync_resultsUncheckedCreateInput) | (Without<...> & sync_resultsCreateInput)'.
lib/oauth/oauth-manager.ts(115,9): error TS2353: Object literal may only specify known properties, and 'org_id_platform_name' does not exist in type 'platform_connectionsWhereUniqueInput'.
